<?xml version="1.0" encoding="UTF-8"?>
<!-- Generated by org.testng.reporters.JUnitXMLReporter -->
<testsuite hostname="Daniel-PC" name="Surefire test" tests="13" failures="0" timestamp="4 Nov 2016 13:46:50 GMT" time="49.769" errors="0">
  <testcase name="absoluteTest on absoluteTest(com.assignment07.Test.AdvancedOperationsTest)" time="0.007" classname="com.assignment07.Test.AdvancedOperationsTest"/>
  <testcase name="cubedTest on cubedTest(com.assignment07.Test.AdvancedOperationsTest)" time="0.0" classname="com.assignment07.Test.AdvancedOperationsTest"/>
  <testcase name="squareRootTest on squareRootTest(com.assignment07.Test.AdvancedOperationsTest)" time="0.0" classname="com.assignment07.Test.AdvancedOperationsTest"/>
  <testcase name="powerOfTest on powerOfTest(com.assignment07.Test.AdvancedOperationsTest)" time="0.001" classname="com.assignment07.Test.AdvancedOperationsTest"/>
  <testcase name="logTest on logTest(com.assignment07.Test.AdvancedOperationsTest)" time="0.0" classname="com.assignment07.Test.AdvancedOperationsTest"/>
  <testcase name="squaredTest on squaredTest(com.assignment07.Test.AdvancedOperationsTest)" time="0.0" classname="com.assignment07.Test.AdvancedOperationsTest"/>
  <testcase name="gettersAndSettersTest on gettersAndSettersTest(com.assignment07.Test.ViewClassTest)" time="0.001" classname="com.assignment07.Test.ViewClassTest"/>
  <testcase name="actionPerformedTest on actionPerformedTest(com.assignment07.Test.ViewClassTest)" time="47.939" classname="com.assignment07.Test.ViewClassTest"/>
  <testcase name="divideTest on divideTest(com.assignment07.Test.BasicOperationsTest)" time="0.001" classname="com.assignment07.Test.BasicOperationsTest"/>
  <testcase name="addTest on addTest(com.assignment07.Test.BasicOperationsTest)" time="0.001" classname="com.assignment07.Test.BasicOperationsTest"/>
  <testcase name="multiplyTest on multiplyTest(com.assignment07.Test.BasicOperationsTest)" time="0.0" classname="com.assignment07.Test.BasicOperationsTest"/>
  <testcase name="subtractTest on subtractTest(com.assignment07.Test.BasicOperationsTest)" time="0.0" classname="com.assignment07.Test.BasicOperationsTest"/>
  <testcase name="mainTest on mainTest(com.assignment07.Test.MainTest)" time="0.871" classname="com.assignment07.Test.MainTest"/>
</testsuite> <!-- Surefire test -->
