<?xml version="1.0" encoding="UTF-8"?>
<testsuite name="TestSuite" time="48.821" tests="13" errors="0" skipped="0" failures="0">
  <properties>
[...]
</properties>
  <testcase name="absoluteTest on absoluteTest(com.assignment07.Test.AdvancedOperationsTest)" classname="com.assignment07.Test.AdvancedOperationsTest" time="0.003"/>
  <testcase name="cubedTest on cubedTest(com.assignment07.Test.AdvancedOperationsTest)" classname="com.assignment07.Test.AdvancedOperationsTest" time="0"/>
  <testcase name="squareRootTest on squareRootTest(com.assignment07.Test.AdvancedOperationsTest)" classname="com.assignment07.Test.AdvancedOperationsTest" time="0"/>
  <testcase name="powerOfTest on powerOfTest(com.assignment07.Test.AdvancedOperationsTest)" classname="com.assignment07.Test.AdvancedOperationsTest" time="0"/>
  <testcase name="logTest on logTest(com.assignment07.Test.AdvancedOperationsTest)" classname="com.assignment07.Test.AdvancedOperationsTest" time="0"/>
  <testcase name="squaredTest on squaredTest(com.assignment07.Test.AdvancedOperationsTest)" classname="com.assignment07.Test.AdvancedOperationsTest" time="0.005"/>
  <testcase name="gettersAndSettersTest on gettersAndSettersTest(com.assignment07.Test.ViewClassTest)" classname="com.assignment07.Test.ViewClassTest" time="0"/>
  <testcase name="actionPerformedTest on actionPerformedTest(com.assignment07.Test.ViewClassTest)" classname="com.assignment07.Test.ViewClassTest" time="47.94"/>
  <testcase name="divideTest on divideTest(com.assignment07.Test.BasicOperationsTest)" classname="com.assignment07.Test.BasicOperationsTest" time="0.001"/>
  <testcase name="addTest on addTest(com.assignment07.Test.BasicOperationsTest)" classname="com.assignment07.Test.BasicOperationsTest" time="0"/>
  <testcase name="multiplyTest on multiplyTest(com.assignment07.Test.BasicOperationsTest)" classname="com.assignment07.Test.BasicOperationsTest" time="0.001"/>
  <testcase name="subtractTest on subtractTest(com.assignment07.Test.BasicOperationsTest)" classname="com.assignment07.Test.BasicOperationsTest" time="0.001"/>
  <testcase name="mainTest on mainTest(com.assignment07.Test.MainTest)" classname="com.assignment07.Test.MainTest" time="0.87"/>
</testsuite>